<?xml version="1.0" encoding="UTF-8"?>
<testsuite xmlns:xsi="http://www.w3.org/2001/XMLSchema-instance" xsi:noNamespaceSchemaLocation="https://maven.apache.org/surefire/maven-surefire-plugin/xsd/surefire-test-report.xsd" name="de.bach.thwildau.rss.server.RssServer.RssServerApplicationTests" time="3.304" tests="1" errors="0" skipped="0" failures="1">
  <properties>
[...]
</properties>
  <testcase name="contextLoads" classname="de.bach.thwildau.rss.server.RssServer.RssServerApplicationTests" time="0.218">
    <failure type="java.lang.AssertionError">java.lang.AssertionError
	at de.bach.thwildau.rss.server.RssServer.RssServerApplicationTests.contextLoads(RssServerApplicationTests.java:15)
</failure>
    <system-out><![CDATA[09:49:34.320 [main] DEBUG org.springframework.test.context.junit4.SpringJUnit4ClassRunner - SpringJUnit4ClassRunner constructor called with [class de.bach.thwildau.rss.server.RssServer.RssServerApplicationTests]
09:49:34.338 [main] DEBUG org.springframework.test.context.BootstrapUtils - Instantiating CacheAwareContextLoaderDelegate from class [org.springframework.test.context.cache.DefaultCacheAwareContextLoaderDelegate]
09:49:34.416 [main] DEBUG org.springframework.test.context.BootstrapUtils - Instantiating BootstrapContext using constructor [public org.springframework.test.context.support.DefaultBootstrapContext(java.lang.Class,org.springframework.test.context.CacheAwareContextLoaderDelegate)]
09:49:34.477 [main] DEBUG org.springframework.test.context.BootstrapUtils - Instantiating TestContextBootstrapper for test class [de.bach.thwildau.rss.server.RssServer.RssServerApplicationTests] from class [org.springframework.boot.test.context.SpringBootTestContextBootstrapper]
09:49:34.500 [main] INFO org.springframework.boot.test.context.SpringBootTestContextBootstrapper - Neither @ContextConfiguration nor @ContextHierarchy found for test class [de.bach.thwildau.rss.server.RssServer.RssServerApplicationTests], using SpringBootContextLoader
09:49:34.506 [main] DEBUG org.springframework.test.context.support.AbstractContextLoader - Did not detect default resource location for test class [de.bach.thwildau.rss.server.RssServer.RssServerApplicationTests]: class path resource [de/bach/thwildau/rss/server/RssServer/RssServerApplicationTests-context.xml] does not exist
09:49:34.506 [main] DEBUG org.springframework.test.context.support.AbstractContextLoader - Did not detect default resource location for test class [de.bach.thwildau.rss.server.RssServer.RssServerApplicationTests]: class path resource [de/bach/thwildau/rss/server/RssServer/RssServerApplicationTestsContext.groovy] does not exist
09:49:34.507 [main] INFO org.springframework.test.context.support.AbstractContextLoader - Could not detect default resource locations for test class [de.bach.thwildau.rss.server.RssServer.RssServerApplicationTests]: no resource found for suffixes {-context.xml, Context.groovy}.
09:49:34.508 [main] INFO org.springframework.test.context.support.AnnotationConfigContextLoaderUtils - Could not detect default configuration classes for test class [de.bach.thwildau.rss.server.RssServer.RssServerApplicationTests]: RssServerApplicationTests does not declare any static, non-private, non-final, nested classes annotated with @Configuration.
09:49:34.573 [main] DEBUG org.springframework.test.context.support.ActiveProfilesUtils - Could not find an 'annotation declaring class' for annotation type [org.springframework.test.context.ActiveProfiles] and class [de.bach.thwildau.rss.server.RssServer.RssServerApplicationTests]
09:49:34.702 [main] DEBUG org.springframework.context.annotation.ClassPathScanningCandidateComponentProvider - Identified candidate component class: file [/Users/christian/git/RssServer/target/classes/de/bach/thwildau/rss/server/RssServer/RssServerApplication.class]
09:49:34.704 [main] INFO org.springframework.boot.test.context.SpringBootTestContextBootstrapper - Found @SpringBootConfiguration de.bach.thwildau.rss.server.RssServer.RssServerApplication for test class de.bach.thwildau.rss.server.RssServer.RssServerApplicationTests
09:49:34.808 [main] DEBUG org.springframework.boot.test.context.SpringBootTestContextBootstrapper - @TestExecutionListeners is not present for class [de.bach.thwildau.rss.server.RssServer.RssServerApplicationTests]: using defaults.
09:49:34.809 [main] INFO org.springframework.boot.test.context.SpringBootTestContextBootstrapper - Loaded default TestExecutionListener class names from location [META-INF/spring.factories]: [org.springframework.boot.test.mock.mockito.MockitoTestExecutionListener, org.springframework.boot.test.mock.mockito.ResetMocksTestExecutionListener, org.springframework.boot.test.autoconfigure.restdocs.RestDocsTestExecutionListener, org.springframework.boot.test.autoconfigure.web.client.MockRestServiceServerResetTestExecutionListener, org.springframework.boot.test.autoconfigure.web.servlet.MockMvcPrintOnlyOnFailureTestExecutionListener, org.springframework.boot.test.autoconfigure.web.servlet.WebDriverTestExecutionListener, org.springframework.test.context.web.ServletTestExecutionListener, org.springframework.test.context.support.DirtiesContextBeforeModesTestExecutionListener, org.springframework.test.context.support.DependencyInjectionTestExecutionListener, org.springframework.test.context.support.DirtiesContextTestExecutionListener, org.springframework.test.context.transaction.TransactionalTestExecutionListener, org.springframework.test.context.jdbc.SqlScriptsTestExecutionListener]
09:49:34.829 [main] DEBUG org.springframework.boot.test.context.SpringBootTestContextBootstrapper - Skipping candidate TestExecutionListener [org.springframework.test.context.transaction.TransactionalTestExecutionListener] due to a missing dependency. Specify custom listener classes or make the default listener classes and their required dependencies available. Offending class: [org/springframework/transaction/interceptor/TransactionAttributeSource]
09:49:34.830 [main] DEBUG org.springframework.boot.test.context.SpringBootTestContextBootstrapper - Skipping candidate TestExecutionListener [org.springframework.test.context.jdbc.SqlScriptsTestExecutionListener] due to a missing dependency. Specify custom listener classes or make the default listener classes and their required dependencies available. Offending class: [org/springframework/transaction/interceptor/TransactionAttribute]
09:49:34.830 [main] INFO org.springframework.boot.test.context.SpringBootTestContextBootstrapper - Using TestExecutionListeners: [org.springframework.test.context.web.ServletTestExecutionListener@4135c3b, org.springframework.test.context.support.DirtiesContextBeforeModesTestExecutionListener@6302bbb1, org.springframework.boot.test.mock.mockito.MockitoTestExecutionListener@31304f14, org.springframework.boot.test.autoconfigure.SpringBootDependencyInjectionTestExecutionListener@34a3d150, org.springframework.test.context.support.DirtiesContextTestExecutionListener@2a4fb17b, org.springframework.boot.test.mock.mockito.ResetMocksTestExecutionListener@5c6648b0, org.springframework.boot.test.autoconfigure.restdocs.RestDocsTestExecutionListener@6f1de4c7, org.springframework.boot.test.autoconfigure.web.client.MockRestServiceServerResetTestExecutionListener@459e9125, org.springframework.boot.test.autoconfigure.web.servlet.MockMvcPrintOnlyOnFailureTestExecutionListener@128d2484, org.springframework.boot.test.autoconfigure.web.servlet.WebDriverTestExecutionListener@7cc0cdad]
09:49:34.832 [main] DEBUG org.springframework.test.annotation.ProfileValueUtils - Retrieved @ProfileValueSourceConfiguration [null] for test class [de.bach.thwildau.rss.server.RssServer.RssServerApplicationTests]
09:49:34.833 [main] DEBUG org.springframework.test.annotation.ProfileValueUtils - Retrieved ProfileValueSource type [class org.springframework.test.annotation.SystemProfileValueSource] for class [de.bach.thwildau.rss.server.RssServer.RssServerApplicationTests]
09:49:34.834 [main] DEBUG org.springframework.test.annotation.ProfileValueUtils - Retrieved @ProfileValueSourceConfiguration [null] for test class [de.bach.thwildau.rss.server.RssServer.RssServerApplicationTests]
09:49:34.834 [main] DEBUG org.springframework.test.annotation.ProfileValueUtils - Retrieved ProfileValueSource type [class org.springframework.test.annotation.SystemProfileValueSource] for class [de.bach.thwildau.rss.server.RssServer.RssServerApplicationTests]
09:49:34.834 [main] DEBUG org.springframework.test.annotation.ProfileValueUtils - Retrieved @ProfileValueSourceConfiguration [null] for test class [de.bach.thwildau.rss.server.RssServer.RssServerApplicationTests]
09:49:34.835 [main] DEBUG org.springframework.test.annotation.ProfileValueUtils - Retrieved ProfileValueSource type [class org.springframework.test.annotation.SystemProfileValueSource] for class [de.bach.thwildau.rss.server.RssServer.RssServerApplicationTests]
09:49:34.838 [main] DEBUG org.springframework.test.context.support.AbstractDirtiesContextTestExecutionListener - Before test class: context [DefaultTestContext@765d7657 testClass = RssServerApplicationTests, testInstance = [null], testMethod = [null], testException = [null], mergedContextConfiguration = [WebMergedContextConfiguration@74235045 testClass = RssServerApplicationTests, locations = '{}', classes = '{class de.bach.thwildau.rss.server.RssServer.RssServerApplication}', contextInitializerClasses = '[]', activeProfiles = '{}', propertySourceLocations = '{}', propertySourceProperties = '{org.springframework.boot.test.context.SpringBootTestContextBootstrapper=true}', contextCustomizers = set[org.springframework.boot.test.context.filter.ExcludeFilterContextCustomizer@51c8530f, org.springframework.boot.test.json.DuplicateJsonObjectContextCustomizerFactory$DuplicateJsonObjectContextCustomizer@1fc2b765, org.springframework.boot.test.mock.mockito.MockitoContextCustomizer@0, org.springframework.boot.test.web.client.TestRestTemplateContextCustomizer@2eda0940, org.springframework.boot.test.autoconfigure.properties.PropertyMappingContextCustomizer@0, org.springframework.boot.test.autoconfigure.web.servlet.WebDriverContextCustomizerFactory$Customizer@319b92f3], resourceBasePath = 'src/main/webapp', contextLoader = 'org.springframework.boot.test.context.SpringBootContextLoader', parent = [null]], attributes = map['org.springframework.test.context.web.ServletTestExecutionListener.activateListener' -> true]], class annotated with @DirtiesContext [false] with mode [null].
09:49:34.839 [main] DEBUG org.springframework.test.annotation.ProfileValueUtils - Retrieved @ProfileValueSourceConfiguration [null] for test class [de.bach.thwildau.rss.server.RssServer.RssServerApplicationTests]
09:49:34.839 [main] DEBUG org.springframework.test.annotation.ProfileValueUtils - Retrieved ProfileValueSource type [class org.springframework.test.annotation.SystemProfileValueSource] for class [de.bach.thwildau.rss.server.RssServer.RssServerApplicationTests]
09:49:34.868 [main] DEBUG org.springframework.test.context.support.TestPropertySourceUtils - Adding inlined properties to environment: {spring.jmx.enabled=false, org.springframework.boot.test.context.SpringBootTestContextBootstrapper=true, server.port=-1}

  .   ____          _            __ _ _
 /\\ / ___'_ __ _ _(_)_ __  __ _ \ \ \ \
( ( )\___ | '_ | '_| | '_ \/ _` | \ \ \ \
 \\/  ___)| |_)| | | | | || (_| |  ) ) ) )
  '  |____| .__|_| |_|_| |_\__, | / / / /
 =========|_|==============|___/=/_/_/_/
 :: Spring Boot ::        (v2.1.0.RELEASE)

2020-06-09 09:49:35.223  INFO 59074 --- [           main] d.b.t.r.s.R.RssServerApplicationTests    : Starting RssServerApplicationTests on ChristiansMBP2 with PID 59074 (started by christian in /Users/christian/git/RssServer)
2020-06-09 09:49:35.225  INFO 59074 --- [           main] d.b.t.r.s.R.RssServerApplicationTests    : No active profile set, falling back to default profiles: default
2020-06-09 09:49:36.797  INFO 59074 --- [           main] o.s.s.concurrent.ThreadPoolTaskExecutor  : Initializing ExecutorService 'applicationTaskExecutor'
2020-06-09 09:49:37.117  INFO 59074 --- [           main] d.b.t.r.s.R.RssServerApplicationTests    : Started RssServerApplicationTests in 2.236 seconds (JVM running for 3.379)
]]></system-out>
  </testcase>
</testsuite>